<?xml version="1.0" encoding="UTF-8"?>
<testng-results ignored="0" total="1" passed="1" failed="0" skipped="0">
  <reporter-output>
  </reporter-output>
  <suite started-at="2022-07-10T11:47:45 IST" name="Default suite" finished-at="2022-07-10T11:48:30 IST" duration-ms="44409">
    <groups>
    </groups>
    <test started-at="2022-07-10T11:47:45 IST" name="Default test" finished-at="2022-07-10T11:48:30 IST" duration-ms="44409">
      <class name="TestSuite.AllTest">
        <test-method is-config="true" signature="driverSetup()[pri:0, instance:TestSuite.AllTest@69fb6037]" started-at="2022-07-10T11:47:42 IST" name="driverSetup" finished-at="2022-07-10T11:47:45 IST" duration-ms="3208" status="PASS">
          <reporter-output>
          </reporter-output>
        </test-method> <!-- driverSetup -->
        <test-method signature="test()[pri:0, instance:TestSuite.AllTest@69fb6037]" started-at="2022-07-10T11:47:45 IST" name="test" finished-at="2022-07-10T11:48:30 IST" duration-ms="44370" status="PASS">
          <reporter-output>
          </reporter-output>
        </test-method> <!-- test -->
        <test-method is-config="true" signature="closeBrowser()[pri:0, instance:TestSuite.AllTest@69fb6037]" started-at="2022-07-10T11:48:30 IST" name="closeBrowser" finished-at="2022-07-10T11:48:30 IST" duration-ms="91" status="PASS">
          <reporter-output>
          </reporter-output>
        </test-method> <!-- closeBrowser -->
      </class> <!-- TestSuite.AllTest -->
    </test> <!-- Default test -->
  </suite> <!-- Default suite -->
</testng-results>
